<?xml version="1.0" encoding="UTF-8"?>
<!-- Generated by org.testng.reporters.JUnitReportReporter -->
<testsuite hostname="AKASH" failures="0" tests="3" name="testscripts.lab3" time="20.195" errors="0" timestamp="2025-08-26T16:50:07 IST" skipped="0">
  <testcase classname="testscripts.lab3" name="lab_3" time="6.390"/>
  <system-out/>
  <testcase classname="testscripts.lab3" name="lab_3" time="6.452"/>
  <system-out/>
  <testcase classname="testscripts.lab3" name="lab_3" time="7.353"/>
  <system-out/>
</testsuite> <!-- testscripts.lab3 -->
