<?xml version="1.0" encoding="UTF-8"?>
<!-- Generated by org.testng.reporters.JUnitReportReporter -->
<testsuite hostname="AKASH" failures="0" tests="3" name="testscripts.lab3" time="18.503" errors="0" timestamp="2025-08-26T13:39:52 IST" skipped="0">
  <testcase classname="testscripts.lab3" name="lab_3" time="3.976"/>
  <system-out/>
  <testcase classname="testscripts.lab3" name="lab_3" time="10.191"/>
  <system-out/>
  <testcase classname="testscripts.lab3" name="lab_3" time="4.336"/>
  <system-out/>
</testsuite> <!-- testscripts.lab3 -->
