<?xml version="1.0" encoding="UTF-8"?>
<!-- Generated by org.testng.reporters.JUnitReportReporter -->
<testsuite hostname="AKASH" failures="0" tests="3" name="testscripts.lab3" time="29.321" errors="0" timestamp="2025-08-26T16:24:32 IST" skipped="0">
  <testcase classname="testscripts.lab3" name="lab_3" time="7.960"/>
  <system-out/>
  <testcase classname="testscripts.lab3" name="lab_3" time="13.895"/>
  <system-out/>
  <testcase classname="testscripts.lab3" name="lab_3" time="7.466"/>
  <system-out/>
</testsuite> <!-- testscripts.lab3 -->
