<?xml version="1.0" encoding="UTF-8"?>
<!-- Generated by org.testng.reporters.JUnitReportReporter -->
<testsuite hostname="AKASH" failures="0" tests="2" name="testscripts.lab08" time="16.635" errors="0" timestamp="2025-08-26T16:43:55 IST" skipped="0">
  <testcase classname="testscripts.lab08" name="desktopsMacTest" time="7.365"/>
  <system-out>
    <![CDATA[Page title verified: Your Store
Navigated to Mac section
Mac heading verified
Selected sorting option: Name (A - Z)
Clicked Add to Cart button
Product successfully added to cart]]>
  </system-out>
  <testcase classname="testscripts.lab08" name="searchTest" time="9.270"/>
  <system-out>
    <![CDATA[Searched for 'Mobile'
Search page loaded successfully
Searched with 'Monitors' including descriptions
Verified search results for 'Monitors']]>
  </system-out>
</testsuite> <!-- testscripts.lab08 -->
