<?xml version="1.0" encoding="UTF-8"?>
<!-- Generated by org.testng.reporters.JUnitReportReporter -->
<testsuite hostname="AKASH" failures="0" tests="3" name="testscripts.lab4" time="16.252" errors="0" timestamp="2025-08-26T14:24:20 IST" skipped="0">
  <testcase classname="testscripts.lab4" name="lab_4" time="7.897"/>
  <system-out/>
  <testcase classname="testscripts.lab4" name="lab_4" time="3.884"/>
  <system-out/>
  <testcase classname="testscripts.lab4" name="lab_4" time="4.471"/>
  <system-out/>
</testsuite> <!-- testscripts.lab4 -->
