<?xml version="1.0" encoding="UTF-8"?>
<!-- Generated by org.testng.reporters.JUnitReportReporter -->
<testsuite hostname="AKASH" failures="0" tests="3" name="testscripts.NewTest" time="25.573" errors="0" timestamp="2025-08-26T10:50:10 IST" skipped="0">
  <testcase classname="testscripts.NewTest" name="f" time="7.377"/>
  <system-out/>
  <testcase classname="testscripts.NewTest" name="f" time="8.488"/>
  <system-out/>
  <testcase classname="testscripts.NewTest" name="f" time="9.708"/>
  <system-out/>
</testsuite> <!-- testscripts.NewTest -->
