<?xml version="1.0" encoding="UTF-8"?>
<!-- Generated by org.testng.reporters.JUnitReportReporter -->
<testsuite hostname="AKASH" failures="0" tests="2" name="testscripts.Tc_010_Groups" time="0.028" errors="0" timestamp="2025-08-26T15:31:42 IST" skipped="0">
  <testcase classname="testscripts.Tc_010_Groups" name="paymentTest" time="0.001"/>
  <system-out/>
  <testcase classname="testscripts.Tc_010_Groups" name="loginTest" time="0.027"/>
  <system-out/>
</testsuite> <!-- testscripts.Tc_010_Groups -->
