<?xml version="1.0" encoding="UTF-8"?>
<!-- Generated by org.testng.reporters.JUnitReportReporter -->
<testsuite hostname="AKASH" failures="0" tests="3" name="testscripts.lab4" time="17.751" errors="0" timestamp="2025-08-26T16:24:32 IST" skipped="0">
  <testcase classname="testscripts.lab4" name="lab_4" time="5.290"/>
  <system-out/>
  <testcase classname="testscripts.lab4" name="lab_4" time="7.175"/>
  <system-out/>
  <testcase classname="testscripts.lab4" name="lab_4" time="5.286"/>
  <system-out/>
</testsuite> <!-- testscripts.lab4 -->
