<?xml version="1.0" encoding="UTF-8"?>
<!-- Generated by org.testng.reporters.JUnitReportReporter -->
<testsuite hostname="AKASH" failures="0" tests="2" name="testscripts.Tng_001" time="14.473" errors="0" timestamp="2025-08-26T10:50:10 IST" skipped="0">
  <testcase classname="testscripts.Tng_001" name="f" time="7.001"/>
  <system-out/>
  <testcase classname="testscripts.Tng_001" name="f" time="7.472"/>
  <system-out/>
</testsuite> <!-- testscripts.Tng_001 -->
